<?xml version="1.0" encoding="UTF-8"?>
<!-- Generated by org.testng.reporters.JUnitXMLReporter -->
<testsuite ignored="1" hostname="DESKTOP-OPSU3GT" failures="2" tests="14" name="FinalTest" time="298.079" errors="0" timestamp="2023-06-19T14:44:34 IST">
  <testcase classname="Final.ExternalLinks" name="@BeforeClass teardown" time="0.009">
    <failure type="java.lang.NullPointerException" message="Cannot invoke &amp;quot;org.openqa.selenium.WebDriver.quit()&amp;quot; because &amp;quot;this.driver&amp;quot; is null">
      <![CDATA[java.lang.NullPointerException: Cannot invoke "org.openqa.selenium.WebDriver.quit()" because "this.driver" is null
at Final.ExternalLinks.teardown(ExternalLinks.java:26)
at java.base/java.util.ArrayList.forEach(ArrayList.java:1511)
... Removed 23 stack frames]]>
    </failure>
  </testcase> <!-- @BeforeClass teardown -->
  <testcase classname="Final.HomePageHeader" name="HomePage1Title" time="14.823"/>
  <testcase classname="Final.HomePageHeader" name="HomePage2Search" time="12.607"/>
  <testcase classname="Final.HomePageHeader" name="HomePage4GoI" time="4.717"/>
  <testcase classname="Final.HomePageHeader" name="HomePage5Skip" time="9.485"/>
  <testcase classname="Final.HomePageHeader" name="HomePage6MenuButton" time="4.757"/>
  <testcase classname="Final.ImageSliderAll" name="testImageSlideshow" time="76.99"/>
  <testcase classname="Final.CategoriesFinal" name="testCategorySlider" time="12.13"/>
  <testcase classname="Final.FreedomArchive" name="freedomarchives" time="9.968"/>
  <testcase classname="Final.DidyouKnow" name="didyouknow" time="7.161"/>
  <testcase classname="Final.Stories" name="testStorySlider" time="21.311"/>
  <testcase classname="Final.MoCOrganisations" name="testMOCSlider" time="0.234">
    <failure type="java.lang.AssertionError" message="Title is missing. expected [true] but found [false]">
      <![CDATA[java.lang.AssertionError: Title is missing. expected [true] but found [false]
at Final.MoCOrganisations.testMOCSlider(MoCOrganisations.java:65)
at java.base/java.util.ArrayList.forEach(ArrayList.java:1511)
... Removed 28 stack frames]]>
    </failure>
  </testcase> <!-- testMOCSlider -->
  <testcase classname="Final.ExternalLinks" name="externallinks" time="0.0">
    <skipped/>
  </testcase> <!-- externallinks -->
  <testcase classname="Final.Partners" name="partners" time="11.54"/>
  <testcase classname="Final.Footer" name="footer" time="25.254">
    <failure type="java.lang.AssertionError" message="Number of links are not matching with the number of urls opened. expected [8] but found [9]">
      <![CDATA[java.lang.AssertionError: Number of links are not matching with the number of urls opened. expected [8] but found [9]
at Final.Footer.footer(Footer.java:103)
at java.base/java.util.ArrayList.forEach(ArrayList.java:1511)
... Removed 30 stack frames]]>
    </failure>
  </testcase> <!-- footer -->
  <testcase classname="Final.HomePageHeader" name="testImageSlideshow" time="0.0">
    <ignored/>
  </testcase> <!-- testImageSlideshow -->
</testsuite> <!-- FinalTest -->
